2018-09-13 22:34:51.746  INFO 1756 --- [main] ngBootFileUploadExample1ApplicationTests : Starting SpringBootFileUploadExample1ApplicationTests on LAPTOP-9HIAT6KH with PID 1756 (started by Shankar in C:\Users\Shankar\git\LunchTrackingSystem)
2018-09-13 22:34:51.774  INFO 1756 --- [main] ngBootFileUploadExample1ApplicationTests : No active profile set, falling back to default profiles: default
2018-09-13 22:34:51.865  INFO 1756 --- [main] o.s.w.c.s.GenericWebApplicationContext   : Refreshing org.springframework.web.context.support.GenericWebApplicationContext@3932c79a: startup date [Thu Sep 13 22:34:51 IST 2018]; root of context hierarchy
2018-09-13 22:34:54.477  INFO 1756 --- [main] trationDelegate$BeanPostProcessorChecker : Bean 'org.springframework.transaction.annotation.ProxyTransactionManagementConfiguration' of type [org.springframework.transaction.annotation.ProxyTransactionManagementConfiguration$$EnhancerBySpringCGLIB$$8ec953] is not eligible for getting processed by all BeanPostProcessors (for example: not eligible for auto-proxying)
2018-09-13 22:34:54.843  INFO 1756 --- [main] com.zaxxer.hikari.HikariDataSource       : HikariPool-1 - Starting...
2018-09-13 22:34:55.313  INFO 1756 --- [main] com.zaxxer.hikari.HikariDataSource       : HikariPool-1 - Start completed.
2018-09-13 22:34:55.374  INFO 1756 --- [main] j.LocalContainerEntityManagerFactoryBean : Building JPA container EntityManagerFactory for persistence unit 'default'
2018-09-13 22:34:55.394  INFO 1756 --- [main] o.hibernate.jpa.internal.util.LogHelper  : HHH000204: Processing PersistenceUnitInfo [
	name: default
	...]
2018-09-13 22:34:55.565  INFO 1756 --- [main] org.hibernate.Version                    : HHH000412: Hibernate Core {5.2.17.Final}
2018-09-13 22:34:55.570  INFO 1756 --- [main] org.hibernate.cfg.Environment            : HHH000206: hibernate.properties not found
2018-09-13 22:34:55.697  INFO 1756 --- [main] o.hibernate.annotations.common.Version   : HCANN000001: Hibernate Commons Annotations {5.0.1.Final}
2018-09-13 22:34:56.000  INFO 1756 --- [main] org.hibernate.dialect.Dialect            : HHH000400: Using dialect: org.hibernate.dialect.MySQL5Dialect
2018-09-13 22:34:58.230  INFO 1756 --- [main] j.LocalContainerEntityManagerFactoryBean : Initialized JPA EntityManagerFactory for persistence unit 'default'
2018-09-13 22:34:59.534  INFO 1756 --- [main] o.s.w.s.handler.SimpleUrlHandlerMapping  : Mapped URL path [/**/favicon.ico] onto handler of type [class org.springframework.web.servlet.resource.ResourceHttpRequestHandler]
2018-09-13 22:35:00.670  INFO 1756 --- [main] s.w.s.m.m.a.RequestMappingHandlerAdapter : Looking for @ControllerAdvice: org.springframework.web.context.support.GenericWebApplicationContext@3932c79a: startup date [Thu Sep 13 22:34:51 IST 2018]; root of context hierarchy
2018-09-13 22:35:00.872  WARN 1756 --- [main] aWebConfiguration$JpaWebMvcConfiguration : spring.jpa.open-in-view is enabled by default. Therefore, database queries may be performed during view rendering. Explicitly configure spring.jpa.open-in-view to disable this warning
2018-09-13 22:35:00.965  INFO 1756 --- [main] s.w.s.m.m.a.RequestMappingHandlerMapping : Mapped "{[/admin/registration],methods=[GET]}" onto public org.springframework.web.servlet.ModelAndView com.cubic.lunch.controllers.AdminController.login()
2018-09-13 22:35:00.970  INFO 1756 --- [main] s.w.s.m.m.a.RequestMappingHandlerMapping : Mapped "{[/admin/login]}" onto public org.springframework.web.servlet.ModelAndView com.cubic.lunch.controllers.AdminController.login(java.lang.String,java.lang.String,java.lang.String)
2018-09-13 22:35:00.971  INFO 1756 --- [main] s.w.s.m.m.a.RequestMappingHandlerMapping : Mapped "{[/admin/home],methods=[GET]}" onto public org.springframework.web.servlet.ModelAndView com.cubic.lunch.controllers.AdminController.home()
2018-09-13 22:35:00.976  INFO 1756 --- [main] s.w.s.m.m.a.RequestMappingHandlerMapping : Mapped "{[/admin/addproduct],methods=[GET]}" onto public org.springframework.web.servlet.ModelAndView com.cubic.lunch.controllers.AdminController.addproduct()
2018-09-13 22:35:00.978  INFO 1756 --- [main] s.w.s.m.m.a.RequestMappingHandlerMapping : Mapped "{[/admin/addproduct],methods=[POST]}" onto public org.springframework.web.servlet.ModelAndView com.cubic.lunch.controllers.AdminController.addproduct(com.cubic.lunch.model.Products,org.springframework.validation.BindingResult)
2018-09-13 22:35:01.006  INFO 1756 --- [main] s.w.s.m.m.a.RequestMappingHandlerMapping : Mapped "{[/admin/login/{role}]}" onto public org.springframework.web.servlet.ModelAndView com.cubic.lunch.controllers.AdminController.loginpage(java.lang.String)
2018-09-13 22:35:01.007  INFO 1756 --- [main] s.w.s.m.m.a.RequestMappingHandlerMapping : Mapped "{[/admin/showproducts/{status}],methods=[GET]}" onto public org.springframework.web.servlet.ModelAndView com.cubic.lunch.controllers.AdminController.showproducts(java.lang.Integer)
2018-09-13 22:35:01.007  INFO 1756 --- [main] s.w.s.m.m.a.RequestMappingHandlerMapping : Mapped "{[/admin/registration],methods=[POST]}" onto public org.springframework.web.servlet.ModelAndView com.cubic.lunch.controllers.AdminController.empregistration(com.cubic.lunch.model.Accounts,org.springframework.validation.BindingResult)
2018-09-13 22:35:01.008  INFO 1756 --- [main] s.w.s.m.m.a.RequestMappingHandlerMapping : Mapped "{[/admin/error]}" onto public java.lang.String com.cubic.lunch.controllers.AdminController.DefaultErrorMessage()
2018-09-13 22:35:01.012  INFO 1756 --- [main] s.w.s.m.m.a.RequestMappingHandlerMapping : Mapped "{[/employee/remove],methods=[POST]}" onto public org.springframework.web.servlet.ModelAndView com.cubic.lunch.controllers.EmployeeController.remove(java.lang.String)
2018-09-13 22:35:01.013  INFO 1756 --- [main] s.w.s.m.m.a.RequestMappingHandlerMapping : Mapped "{[/employee/order]}" onto public org.springframework.web.servlet.ModelAndView com.cubic.lunch.controllers.EmployeeController.order()
2018-09-13 22:35:01.014  INFO 1756 --- [main] s.w.s.m.m.a.RequestMappingHandlerMapping : Mapped "{[/employee/addcart],methods=[POST]}" onto public org.springframework.web.servlet.ModelAndView com.cubic.lunch.controllers.EmployeeController.addproduct(com.cubic.lunch.model.Products,java.lang.Integer)
2018-09-13 22:35:01.015  INFO 1756 --- [main] s.w.s.m.m.a.RequestMappingHandlerMapping : Mapped "{[/employee/showproducts/02/{no}],methods=[GET]}" onto public org.springframework.web.servlet.ModelAndView com.cubic.lunch.controllers.EmployeeController.showproduct(java.lang.String)
2018-09-13 22:35:01.019  INFO 1756 --- [main] s.w.s.m.m.a.RequestMappingHandlerMapping : Mapped "{[/employee/cartremove],methods=[GET]}" onto public org.springframework.web.servlet.ModelAndView com.cubic.lunch.controllers.EmployeeController.cartremove()
2018-09-13 22:35:01.020  INFO 1756 --- [main] s.w.s.m.m.a.RequestMappingHandlerMapping : Mapped "{[/employee/showproduct],methods=[GET]}" onto public org.springframework.web.servlet.ModelAndView com.cubic.lunch.controllers.EmployeeController.showproducts(java.lang.String)
2018-09-13 22:35:01.020  INFO 1756 --- [main] s.w.s.m.m.a.RequestMappingHandlerMapping : Mapped "{[/employee/orderconform]}" onto public org.springframework.web.servlet.ModelAndView com.cubic.lunch.controllers.EmployeeController.orderconform()
2018-09-13 22:35:01.021  INFO 1756 --- [main] s.w.s.m.m.a.RequestMappingHandlerMapping : Mapped "{[/employee/pdf]}" onto public org.springframework.web.servlet.ModelAndView com.cubic.lunch.controllers.EmployeeController.pdf()
2018-09-13 22:35:01.022  INFO 1756 --- [main] s.w.s.m.m.a.RequestMappingHandlerMapping : Mapped "{[/employee/error]}" onto public java.lang.String com.cubic.lunch.controllers.EmployeeController.DefaultErrorMessage()
2018-09-13 22:35:01.025  INFO 1756 --- [main] s.w.s.m.m.a.RequestMappingHandlerMapping : Mapped "{[/links/emp]}" onto public org.springframework.web.servlet.ModelAndView com.cubic.lunch.controllers.LinksController.empprofile()
2018-09-13 22:35:01.027  INFO 1756 --- [main] s.w.s.m.m.a.RequestMappingHandlerMapping : Mapped "{[/links/adm]}" onto public org.springframework.web.servlet.ModelAndView com.cubic.lunch.controllers.LinksController.admprofile()
2018-09-13 22:35:01.162  INFO 1756 --- [main] o.s.w.s.handler.SimpleUrlHandlerMapping  : Mapped URL path [/webjars/**] onto handler of type [class org.springframework.web.servlet.resource.ResourceHttpRequestHandler]
2018-09-13 22:35:01.163  INFO 1756 --- [main] o.s.w.s.handler.SimpleUrlHandlerMapping  : Mapped URL path [/**] onto handler of type [class org.springframework.web.servlet.resource.ResourceHttpRequestHandler]
2018-09-13 22:35:02.356  INFO 1756 --- [main] ngBootFileUploadExample1ApplicationTests : Started SpringBootFileUploadExample1ApplicationTests in 11.236 seconds (JVM running for 12.74)
2018-09-13 22:35:03.039  INFO 1756 --- [Thread-3] o.s.w.c.s.GenericWebApplicationContext   : Closing org.springframework.web.context.support.GenericWebApplicationContext@3932c79a: startup date [Thu Sep 13 22:34:51 IST 2018]; root of context hierarchy
2018-09-13 22:35:03.054  INFO 1756 --- [Thread-3] j.LocalContainerEntityManagerFactoryBean : Closing JPA EntityManagerFactory for persistence unit 'default'
2018-09-13 22:35:03.056  INFO 1756 --- [Thread-3] com.zaxxer.hikari.HikariDataSource       : HikariPool-1 - Shutdown initiated...
2018-09-13 22:35:03.064  INFO 1756 --- [Thread-3] com.zaxxer.hikari.HikariDataSource       : HikariPool-1 - Shutdown completed.
2018-09-13 22:39:24.066  INFO 3220 --- [restartedMain] com.cubic.lunch.LunchTrackingSystem      : Starting LunchTrackingSystem on LAPTOP-9HIAT6KH with PID 3220 (C:\Users\Shankar\git\LunchTrackingSystem\target\classes started by Shankar in C:\Users\Shankar\git\LunchTrackingSystem)
2018-09-13 22:39:24.068  INFO 3220 --- [restartedMain] com.cubic.lunch.LunchTrackingSystem      : No active profile set, falling back to default profiles: default
2018-09-13 22:39:24.159  INFO 3220 --- [restartedMain] ConfigServletWebServerApplicationContext : Refreshing org.springframework.boot.web.servlet.context.AnnotationConfigServletWebServerApplicationContext@4bbcf59c: startup date [Thu Sep 13 22:39:24 IST 2018]; root of context hierarchy
2018-09-13 22:39:26.525  INFO 3220 --- [restartedMain] trationDelegate$BeanPostProcessorChecker : Bean 'org.springframework.transaction.annotation.ProxyTransactionManagementConfiguration' of type [org.springframework.transaction.annotation.ProxyTransactionManagementConfiguration$$EnhancerBySpringCGLIB$$19a33514] is not eligible for getting processed by all BeanPostProcessors (for example: not eligible for auto-proxying)
2018-09-13 22:39:27.599  INFO 3220 --- [restartedMain] o.s.b.w.embedded.tomcat.TomcatWebServer  : Tomcat initialized with port(s): 8082 (http)
2018-09-13 22:39:27.655  INFO 3220 --- [restartedMain] o.apache.catalina.core.StandardService   : Starting service [Tomcat]
2018-09-13 22:39:27.656  INFO 3220 --- [restartedMain] org.apache.catalina.core.StandardEngine  : Starting Servlet Engine: Apache Tomcat/8.5.32
2018-09-13 22:39:27.673  INFO 3220 --- [localhost-startStop-1] o.a.catalina.core.AprLifecycleListener   : The APR based Apache Tomcat Native library which allows optimal performance in production environments was not found on the java.library.path: [C:\Program Files\Java\jdk1.8.0_131\bin;C:\WINDOWS\Sun\Java\bin;C:\WINDOWS\system32;C:\WINDOWS;C:/Program Files/Java/jre1.8.0_131/bin/server;C:/Program Files/Java/jre1.8.0_131/bin;C:/Program Files/Java/jre1.8.0_131/lib/amd64;C:\oraclexe\app\oracle\product\10.2.0\server\bin;C:\ProgramData\Oracle\Java\javapath;C:\WINDOWS\system32;C:\WINDOWS;C:\WINDOWS\System32\Wbem;C:\WINDOWS\System32\WindowsPowerShell\v1.0\;C:\Program Files\Intel\WiFi\bin\;C:\Program Files\Common Files\Intel\WirelessCommon\;C:\Program Files\Java\jdk1.8.0_131\bin;C:\Program Files (x86)\Pinnacle\Shared Files\;C:\Program Files (x86)\Pinnacle\Shared Files\Filter\;C:\Program Files\Microsoft VS Code\bin;C:\Program Files\nodejs\;C:\Program Files\Git\cmd;C:\WINDOWS\System32\OpenSSH\;C:\Program Files\PuTTY\;C:\Users\Shankar\AppData\Local\Microsoft\WindowsApps;C:\Users\Shankar\AppData\Roaming\npm;C:\Program Files\PuTTY;;E:\Softwares\java software\eclipse-jee-oxygen-1a-win32-x86_64\eclipse;;.]
2018-09-13 22:39:27.992  INFO 3220 --- [localhost-startStop-1] o.a.c.c.C.[Tomcat].[localhost].[/]       : Initializing Spring embedded WebApplicationContext
2018-09-13 22:39:27.993  INFO 3220 --- [localhost-startStop-1] o.s.web.context.ContextLoader            : Root WebApplicationContext: initialization completed in 3834 ms
2018-09-13 22:39:28.127  INFO 3220 --- [localhost-startStop-1] o.s.b.w.servlet.ServletRegistrationBean  : Servlet dispatcherServlet mapped to [/]
2018-09-13 22:39:28.132  INFO 3220 --- [localhost-startStop-1] o.s.b.w.servlet.FilterRegistrationBean   : Mapping filter: 'characterEncodingFilter' to: [/*]
2018-09-13 22:39:28.133  INFO 3220 --- [localhost-startStop-1] o.s.b.w.servlet.FilterRegistrationBean   : Mapping filter: 'hiddenHttpMethodFilter' to: [/*]
2018-09-13 22:39:28.133  INFO 3220 --- [localhost-startStop-1] o.s.b.w.servlet.FilterRegistrationBean   : Mapping filter: 'httpPutFormContentFilter' to: [/*]
2018-09-13 22:39:28.133  INFO 3220 --- [localhost-startStop-1] o.s.b.w.servlet.FilterRegistrationBean   : Mapping filter: 'requestContextFilter' to: [/*]
2018-09-13 22:39:28.134  INFO 3220 --- [localhost-startStop-1] o.s.b.w.servlet.FilterRegistrationBean   : Mapping filter: 'resourceUrlEncodingFilter' to: [/*]
2018-09-13 22:39:28.397  INFO 3220 --- [restartedMain] com.zaxxer.hikari.HikariDataSource       : HikariPool-1 - Starting...
2018-09-13 22:39:28.701  INFO 3220 --- [restartedMain] com.zaxxer.hikari.HikariDataSource       : HikariPool-1 - Start completed.
2018-09-13 22:39:28.773  INFO 3220 --- [restartedMain] j.LocalContainerEntityManagerFactoryBean : Building JPA container EntityManagerFactory for persistence unit 'default'
2018-09-13 22:39:28.799  INFO 3220 --- [restartedMain] o.hibernate.jpa.internal.util.LogHelper  : HHH000204: Processing PersistenceUnitInfo [
	name: default
	...]
2018-09-13 22:39:28.952  INFO 3220 --- [restartedMain] org.hibernate.Version                    : HHH000412: Hibernate Core {5.2.17.Final}
2018-09-13 22:39:28.956  INFO 3220 --- [restartedMain] org.hibernate.cfg.Environment            : HHH000206: hibernate.properties not found
2018-09-13 22:39:29.011  INFO 3220 --- [restartedMain] o.hibernate.annotations.common.Version   : HCANN000001: Hibernate Commons Annotations {5.0.1.Final}
2018-09-13 22:39:29.266  INFO 3220 --- [restartedMain] org.hibernate.dialect.Dialect            : HHH000400: Using dialect: org.hibernate.dialect.MySQL5Dialect
2018-09-13 22:39:30.401  INFO 3220 --- [restartedMain] j.LocalContainerEntityManagerFactoryBean : Initialized JPA EntityManagerFactory for persistence unit 'default'
2018-09-13 22:39:31.080  INFO 3220 --- [restartedMain] o.s.w.s.handler.SimpleUrlHandlerMapping  : Mapped URL path [/**/favicon.ico] onto handler of type [class org.springframework.web.servlet.resource.ResourceHttpRequestHandler]
2018-09-13 22:39:31.424  INFO 3220 --- [restartedMain] s.w.s.m.m.a.RequestMappingHandlerAdapter : Looking for @ControllerAdvice: org.springframework.boot.web.servlet.context.AnnotationConfigServletWebServerApplicationContext@4bbcf59c: startup date [Thu Sep 13 22:39:24 IST 2018]; root of context hierarchy
2018-09-13 22:39:31.494  WARN 3220 --- [restartedMain] aWebConfiguration$JpaWebMvcConfiguration : spring.jpa.open-in-view is enabled by default. Therefore, database queries may be performed during view rendering. Explicitly configure spring.jpa.open-in-view to disable this warning
2018-09-13 22:39:31.559  INFO 3220 --- [restartedMain] s.w.s.m.m.a.RequestMappingHandlerMapping : Mapped "{[/admin/home],methods=[GET]}" onto public org.springframework.web.servlet.ModelAndView com.cubic.lunch.controllers.AdminController.home()
2018-09-13 22:39:31.561  INFO 3220 --- [restartedMain] s.w.s.m.m.a.RequestMappingHandlerMapping : Mapped "{[/admin/error]}" onto public java.lang.String com.cubic.lunch.controllers.AdminController.DefaultErrorMessage()
2018-09-13 22:39:31.563  INFO 3220 --- [restartedMain] s.w.s.m.m.a.RequestMappingHandlerMapping : Mapped "{[/admin/addproduct],methods=[GET]}" onto public org.springframework.web.servlet.ModelAndView com.cubic.lunch.controllers.AdminController.addproduct()
2018-09-13 22:39:31.564  INFO 3220 --- [restartedMain] s.w.s.m.m.a.RequestMappingHandlerMapping : Mapped "{[/admin/addproduct],methods=[POST]}" onto public org.springframework.web.servlet.ModelAndView com.cubic.lunch.controllers.AdminController.addproduct(com.cubic.lunch.model.Products,org.springframework.validation.BindingResult)
2018-09-13 22:39:31.566  INFO 3220 --- [restartedMain] s.w.s.m.m.a.RequestMappingHandlerMapping : Mapped "{[/admin/registration],methods=[GET]}" onto public org.springframework.web.servlet.ModelAndView com.cubic.lunch.controllers.AdminController.login()
2018-09-13 22:39:31.566  INFO 3220 --- [restartedMain] s.w.s.m.m.a.RequestMappingHandlerMapping : Mapped "{[/admin/login]}" onto public org.springframework.web.servlet.ModelAndView com.cubic.lunch.controllers.AdminController.login(java.lang.String,java.lang.String,java.lang.String)
2018-09-13 22:39:31.566  INFO 3220 --- [restartedMain] s.w.s.m.m.a.RequestMappingHandlerMapping : Mapped "{[/admin/login/{role}]}" onto public org.springframework.web.servlet.ModelAndView com.cubic.lunch.controllers.AdminController.loginpage(java.lang.String)
2018-09-13 22:39:31.566  INFO 3220 --- [restartedMain] s.w.s.m.m.a.RequestMappingHandlerMapping : Mapped "{[/admin/showproducts/{status}],methods=[GET]}" onto public org.springframework.web.servlet.ModelAndView com.cubic.lunch.controllers.AdminController.showproducts(java.lang.Integer)
2018-09-13 22:39:31.568  INFO 3220 --- [restartedMain] s.w.s.m.m.a.RequestMappingHandlerMapping : Mapped "{[/admin/registration],methods=[POST]}" onto public org.springframework.web.servlet.ModelAndView com.cubic.lunch.controllers.AdminController.empregistration(com.cubic.lunch.model.Accounts,org.springframework.validation.BindingResult)
2018-09-13 22:39:31.571  INFO 3220 --- [restartedMain] s.w.s.m.m.a.RequestMappingHandlerMapping : Mapped "{[/employee/remove],methods=[POST]}" onto public org.springframework.web.servlet.ModelAndView com.cubic.lunch.controllers.EmployeeController.remove(java.lang.String)
2018-09-13 22:39:31.572  INFO 3220 --- [restartedMain] s.w.s.m.m.a.RequestMappingHandlerMapping : Mapped "{[/employee/order]}" onto public org.springframework.web.servlet.ModelAndView com.cubic.lunch.controllers.EmployeeController.order()
2018-09-13 22:39:31.573  INFO 3220 --- [restartedMain] s.w.s.m.m.a.RequestMappingHandlerMapping : Mapped "{[/employee/error]}" onto public java.lang.String com.cubic.lunch.controllers.EmployeeController.DefaultErrorMessage()
2018-09-13 22:39:31.574  INFO 3220 --- [restartedMain] s.w.s.m.m.a.RequestMappingHandlerMapping : Mapped "{[/employee/pdf]}" onto public org.springframework.web.servlet.ModelAndView com.cubic.lunch.controllers.EmployeeController.pdf()
2018-09-13 22:39:31.574  INFO 3220 --- [restartedMain] s.w.s.m.m.a.RequestMappingHandlerMapping : Mapped "{[/employee/addcart],methods=[POST]}" onto public org.springframework.web.servlet.ModelAndView com.cubic.lunch.controllers.EmployeeController.addproduct(com.cubic.lunch.model.Products,java.lang.Integer)
2018-09-13 22:39:31.575  INFO 3220 --- [restartedMain] s.w.s.m.m.a.RequestMappingHandlerMapping : Mapped "{[/employee/showproduct],methods=[GET]}" onto public org.springframework.web.servlet.ModelAndView com.cubic.lunch.controllers.EmployeeController.showproducts(java.lang.String)
2018-09-13 22:39:31.576  INFO 3220 --- [restartedMain] s.w.s.m.m.a.RequestMappingHandlerMapping : Mapped "{[/employee/orderconform]}" onto public org.springframework.web.servlet.ModelAndView com.cubic.lunch.controllers.EmployeeController.orderconform()
2018-09-13 22:39:31.576  INFO 3220 --- [restartedMain] s.w.s.m.m.a.RequestMappingHandlerMapping : Mapped "{[/employee/showproducts/02/{no}],methods=[GET]}" onto public org.springframework.web.servlet.ModelAndView com.cubic.lunch.controllers.EmployeeController.showproduct(java.lang.String)
2018-09-13 22:39:31.576  INFO 3220 --- [restartedMain] s.w.s.m.m.a.RequestMappingHandlerMapping : Mapped "{[/employee/cartremove],methods=[GET]}" onto public org.springframework.web.servlet.ModelAndView com.cubic.lunch.controllers.EmployeeController.cartremove()
2018-09-13 22:39:31.577  INFO 3220 --- [restartedMain] s.w.s.m.m.a.RequestMappingHandlerMapping : Mapped "{[/links/adm]}" onto public org.springframework.web.servlet.ModelAndView com.cubic.lunch.controllers.LinksController.admprofile()
2018-09-13 22:39:31.602  INFO 3220 --- [restartedMain] s.w.s.m.m.a.RequestMappingHandlerMapping : Mapped "{[/links/emp]}" onto public org.springframework.web.servlet.ModelAndView com.cubic.lunch.controllers.LinksController.empprofile()
2018-09-13 22:39:31.678  INFO 3220 --- [restartedMain] o.s.w.s.handler.SimpleUrlHandlerMapping  : Mapped URL path [/webjars/**] onto handler of type [class org.springframework.web.servlet.resource.ResourceHttpRequestHandler]
2018-09-13 22:39:31.678  INFO 3220 --- [restartedMain] o.s.w.s.handler.SimpleUrlHandlerMapping  : Mapped URL path [/**] onto handler of type [class org.springframework.web.servlet.resource.ResourceHttpRequestHandler]
2018-09-13 22:39:32.290  INFO 3220 --- [restartedMain] o.s.b.d.a.OptionalLiveReloadServer       : LiveReload server is running on port 35729
2018-09-13 22:39:32.336  INFO 3220 --- [restartedMain] o.s.j.e.a.AnnotationMBeanExporter        : Registering beans for JMX exposure on startup
2018-09-13 22:39:32.338  INFO 3220 --- [restartedMain] o.s.j.e.a.AnnotationMBeanExporter        : Bean with name 'dataSource' has been autodetected for JMX exposure
2018-09-13 22:39:32.347  INFO 3220 --- [restartedMain] o.s.j.e.a.AnnotationMBeanExporter        : Located MBean 'dataSource': registering with JMX server as MBean [com.zaxxer.hikari:name=dataSource,type=HikariDataSource]
2018-09-13 22:39:32.491  INFO 3220 --- [restartedMain] o.s.b.w.embedded.tomcat.TomcatWebServer  : Tomcat started on port(s): 8082 (http) with context path ''
2018-09-13 22:39:32.496  INFO 3220 --- [restartedMain] com.cubic.lunch.LunchTrackingSystem      : Started LunchTrackingSystem in 8.979 seconds (JVM running for 9.672)
2018-09-13 22:39:50.643  INFO 3220 --- [http-nio-8082-exec-1] o.a.c.c.C.[Tomcat].[localhost].[/]       : Initializing Spring FrameworkServlet 'dispatcherServlet'
2018-09-13 22:39:50.644  INFO 3220 --- [http-nio-8082-exec-1] o.s.web.servlet.DispatcherServlet        : FrameworkServlet 'dispatcherServlet': initialization started
2018-09-13 22:39:50.694  INFO 3220 --- [http-nio-8082-exec-1] o.s.web.servlet.DispatcherServlet        : FrameworkServlet 'dispatcherServlet': initialization completed in 50 ms
2018-09-13 22:39:50.776  INFO 3220 --- [http-nio-8082-exec-1] c.c.lunch.controllers.AdminController    : Entered into home page controller method
2018-09-13 22:39:56.192  INFO 3220 --- [http-nio-8082-exec-3] c.c.lunch.controllers.AdminController    : Entered into login role page:EMPLOYEE:controller
2018-09-13 22:40:02.648  INFO 3220 --- [http-nio-8082-exec-6] c.c.lunch.controllers.AdminController    : Entered into login role page:12345:12345:EMPLOYEE:controller
2018-09-13 22:40:02.690  INFO 3220 --- [http-nio-8082-exec-6] c.c.l.services.Impl.AdminServiceImpl     : Entered into loginserviceImpl12345 ; 12345 ;EMPLOYEE
2018-09-13 22:40:02.850  INFO 3220 --- [http-nio-8082-exec-6] c.c.l.services.Impl.AdminServiceImpl     : Ended into loginserviceImpl with details :: Accounts [employeeId=12345, name=sairam, email=sairamm947@gmail.com, mobile=949435694, Role=EMPLOYEE, password=12345, active=null]
2018-09-13 22:40:08.061  INFO 3220 --- [http-nio-8082-exec-8] o.h.h.i.QueryTranslatorFactoryInitiator  : HHH000397: Using ASTQueryTranslatorFactory
2018-09-13 22:40:08.236  INFO 3220 --- [http-nio-8082-exec-8] c.c.l.services.Impl.EmployeeServiceImpl  : Entered into getting cart :: Employee service
2018-09-13 22:40:08.240  INFO 3220 --- [http-nio-8082-exec-8] c.c.l.services.Impl.EmployeeServiceImpl  : Total amount :0
2018-09-13 22:40:10.415  INFO 3220 --- [http-nio-8082-exec-9] c.c.lunch.controllers.AdminController    : Entered into addproduct cart:: controllerMAN_001,Manchuria,25,1
2018-09-13 22:40:10.419  INFO 3220 --- [http-nio-8082-exec-9] c.c.l.services.Impl.EmployeeServiceImpl  : Entered into cart adding ::Employee service
2018-09-13 22:40:10.420  INFO 3220 --- [http-nio-8082-exec-9] c.c.l.services.Impl.EmployeeServiceImpl  : Entered into cart added ::Employee service
2018-09-13 22:40:10.464  INFO 3220 --- [http-nio-8082-exec-10] c.c.l.services.Impl.EmployeeServiceImpl  : Entered into getting cart :: Employee service
2018-09-13 22:40:10.476  INFO 3220 --- [http-nio-8082-exec-10] c.c.l.services.Impl.EmployeeServiceImpl  : Total amount :25
2018-09-13 22:40:11.743  INFO 3220 --- [http-nio-8082-exec-1] c.c.lunch.controllers.AdminController    : Entered into addproduct cart:: controllerCHI_065,Chicken Fry,250,1
2018-09-13 22:40:11.750  INFO 3220 --- [http-nio-8082-exec-1] c.c.l.services.Impl.EmployeeServiceImpl  : Entered into cart adding ::Employee service
2018-09-13 22:40:11.752  INFO 3220 --- [http-nio-8082-exec-1] c.c.l.services.Impl.EmployeeServiceImpl  : Entered into cart added ::Employee service
2018-09-13 22:40:11.788  INFO 3220 --- [http-nio-8082-exec-2] c.c.l.services.Impl.EmployeeServiceImpl  : Entered into getting cart :: Employee service
2018-09-13 22:40:11.796  INFO 3220 --- [http-nio-8082-exec-2] c.c.l.services.Impl.EmployeeServiceImpl  : Total amount :275
2018-09-13 22:40:16.498  INFO 3220 --- [http-nio-8082-exec-3] c.c.lunch.controllers.AdminController    : Entered into addproduct cart:: controllerEGG_005,Egg Cuury,20,5
2018-09-13 22:40:16.502  INFO 3220 --- [http-nio-8082-exec-3] c.c.l.services.Impl.EmployeeServiceImpl  : Entered into cart adding ::Employee service
2018-09-13 22:40:16.504  INFO 3220 --- [http-nio-8082-exec-3] c.c.l.services.Impl.EmployeeServiceImpl  : Entered into cart added ::Employee service
2018-09-13 22:40:16.537  INFO 3220 --- [http-nio-8082-exec-5] c.c.l.services.Impl.EmployeeServiceImpl  : Entered into getting cart :: Employee service
2018-09-13 22:40:16.541  INFO 3220 --- [http-nio-8082-exec-5] c.c.l.services.Impl.EmployeeServiceImpl  : Total amount :375
2018-09-13 22:40:19.033  INFO 3220 --- [http-nio-8082-exec-6] c.c.l.services.Impl.EmployeeServiceImpl  : Total amount :375
2018-09-13 22:40:19.083  INFO 3220 --- [http-nio-8082-exec-7] c.c.l.services.Impl.EmployeeServiceImpl  : Entered into getting cart :: Employee service
2018-09-13 22:40:19.086  INFO 3220 --- [http-nio-8082-exec-7] c.c.l.services.Impl.EmployeeServiceImpl  : Total amount :375
2018-09-13 22:40:21.062  INFO 3220 --- [http-nio-8082-exec-8] c.c.l.services.Impl.EmployeeServiceImpl  : Entered into conform order serviceImpl method with userid :: Accounts [employeeId=12345, name=sairam, email=sairamm947@gmail.com, mobile=949435694, Role=EMPLOYEE, password=12345, active=null]
2018-09-13 22:40:21.064  INFO 3220 --- [http-nio-8082-exec-8] c.c.l.services.Impl.EmployeeServiceImpl  : selecting last orderid
2018-09-13 22:40:21.096  INFO 3220 --- [http-nio-8082-exec-8] c.c.l.services.Impl.EmployeeServiceImpl  : last orderidORDE_7
2018-09-13 22:40:21.099  INFO 3220 --- [http-nio-8082-exec-8] c.c.l.services.Impl.EmployeeServiceImpl  : Entered into conform order serviceImpl method with Order ID::ORDE_8
2018-09-13 22:40:21.099  INFO 3220 --- [http-nio-8082-exec-8] c.c.l.services.Impl.EmployeeServiceImpl  : Accounts [employeeId=12345, name=sairam, email=sairamm947@gmail.com, mobile=949435694, Role=EMPLOYEE, password=12345, active=null]
2018-09-13 22:40:21.169  INFO 3220 --- [http-nio-8082-exec-8] c.c.l.services.Impl.EmployeeServiceImpl  : Entered into conform order serviceImpl method with Order saved with::OrderDetails [sno=14, orderid=ORDE_8, price=100, date=Thu Sep 13 22:40:21 IST 2018, accounts=Accounts [employeeId=12345, name=sairam, email=sairamm947@gmail.com, mobile=949435694, Role=EMPLOYEE, password=12345, active=null], prodid=EGG_005]
2018-09-13 22:40:21.169  INFO 3220 --- [http-nio-8082-exec-8] c.c.l.services.Impl.EmployeeServiceImpl  : Accounts [employeeId=12345, name=sairam, email=sairamm947@gmail.com, mobile=949435694, Role=EMPLOYEE, password=12345, active=null]
2018-09-13 22:40:21.179  INFO 3220 --- [http-nio-8082-exec-8] c.c.l.services.Impl.EmployeeServiceImpl  : Entered into conform order serviceImpl method with Order saved with::OrderDetails [sno=15, orderid=ORDE_8, price=250, date=Thu Sep 13 22:40:21 IST 2018, accounts=Accounts [employeeId=12345, name=sairam, email=sairamm947@gmail.com, mobile=949435694, Role=EMPLOYEE, password=12345, active=null], prodid=CHI_065]
2018-09-13 22:40:21.180  INFO 3220 --- [http-nio-8082-exec-8] c.c.l.services.Impl.EmployeeServiceImpl  : Accounts [employeeId=12345, name=sairam, email=sairamm947@gmail.com, mobile=949435694, Role=EMPLOYEE, password=12345, active=null]
2018-09-13 22:40:21.188  INFO 3220 --- [http-nio-8082-exec-8] c.c.l.services.Impl.EmployeeServiceImpl  : Entered into conform order serviceImpl method with Order saved with::OrderDetails [sno=16, orderid=ORDE_8, price=25, date=Thu Sep 13 22:40:21 IST 2018, accounts=Accounts [employeeId=12345, name=sairam, email=sairamm947@gmail.com, mobile=949435694, Role=EMPLOYEE, password=12345, active=null], prodid=MAN_001]
2018-09-13 22:40:21.189  INFO 3220 --- [http-nio-8082-exec-8] c.c.l.services.Impl.EmployeeServiceImpl  : Order saved With :  ORDE_8
2018-09-13 22:40:21.243  INFO 3220 --- [http-nio-8082-exec-8] c.c.lunch.controllers.AdminController    : order completed
2018-09-13 22:40:40.002  INFO 3220 --- [http-nio-8082-exec-10] c.c.l.services.Impl.EmployeeServiceImpl  : Entered into getting cart :: Employee service
2018-09-13 22:40:40.006  INFO 3220 --- [http-nio-8082-exec-10] c.c.l.services.Impl.EmployeeServiceImpl  : Total amount :375
2018-09-13 22:40:41.132  INFO 3220 --- [http-nio-8082-exec-1] c.c.l.services.Impl.EmployeeServiceImpl  : Entered into getting cart :: Employee service
2018-09-13 22:40:41.134  INFO 3220 --- [http-nio-8082-exec-1] c.c.l.services.Impl.EmployeeServiceImpl  : Total amount :375
2018-09-13 22:40:42.249  INFO 3220 --- [http-nio-8082-exec-2] c.c.l.services.Impl.EmployeeServiceImpl  : Entered into getting cart :: Employee service
2018-09-13 22:40:42.254  INFO 3220 --- [http-nio-8082-exec-2] c.c.l.services.Impl.EmployeeServiceImpl  : Total amount :375
2018-09-13 22:40:46.292  INFO 3220 --- [http-nio-8082-exec-4] c.c.l.services.Impl.EmployeeServiceImpl  : Entered into getting cart :: Employee service
2018-09-13 22:40:46.298  INFO 3220 --- [http-nio-8082-exec-4] c.c.l.services.Impl.EmployeeServiceImpl  : Total amount :375
2018-09-13 22:40:52.361  INFO 3220 --- [http-nio-8082-exec-6] c.c.l.services.Impl.EmployeeServiceImpl  : Entered into getting cart :: Employee service
2018-09-13 22:40:52.366  INFO 3220 --- [http-nio-8082-exec-6] c.c.l.services.Impl.EmployeeServiceImpl  : Total amount :375
2018-09-13 22:40:53.239  INFO 3220 --- [http-nio-8082-exec-7] c.c.l.services.Impl.EmployeeServiceImpl  : Entered into getting cart :: Employee service
2018-09-13 22:40:53.248  INFO 3220 --- [http-nio-8082-exec-7] c.c.l.services.Impl.EmployeeServiceImpl  : Total amount :375
2018-09-13 22:41:00.697  INFO 3220 --- [http-nio-8082-exec-8] c.c.lunch.controllers.AdminController    : Entered into login role page:ADMIN:controller
2018-09-13 22:41:07.177  INFO 3220 --- [http-nio-8082-exec-1] c.c.lunch.controllers.AdminController    : Entered into login role page:11111:11111.:ADMIN:controller
2018-09-13 22:41:07.180  INFO 3220 --- [http-nio-8082-exec-1] c.c.l.services.Impl.AdminServiceImpl     : Entered into loginserviceImpl11111 ; 11111. ;ADMIN
2018-09-13 22:41:07.183  INFO 3220 --- [http-nio-8082-exec-1] c.c.l.services.Impl.AdminServiceImpl     : Ended into loginserviceImpl with details :: null
2018-09-13 22:41:07.184  INFO 3220 --- [http-nio-8082-exec-1] c.c.lunch.controllers.AdminController    : User Not Valid or invalid credentials
2018-09-13 22:41:18.566  INFO 3220 --- [http-nio-8082-exec-3] c.c.lunch.controllers.AdminController    : Entered into login role page:10101:10101::controller
2018-09-13 22:41:18.567  INFO 3220 --- [http-nio-8082-exec-3] c.c.l.services.Impl.AdminServiceImpl     : Entered into loginserviceImpl10101 ; 10101 ;
2018-09-13 22:41:18.571  INFO 3220 --- [http-nio-8082-exec-3] c.c.l.services.Impl.AdminServiceImpl     : Ended into loginserviceImpl with details :: null
2018-09-13 22:41:18.573  INFO 3220 --- [http-nio-8082-exec-3] c.c.lunch.controllers.AdminController    : User Not Valid or invalid credentials
2018-09-13 22:41:28.934  INFO 3220 --- [http-nio-8082-exec-7] c.c.lunch.controllers.AdminController    : Entered into login role page:10101:10101::controller
2018-09-13 22:41:28.936  INFO 3220 --- [http-nio-8082-exec-7] c.c.l.services.Impl.AdminServiceImpl     : Entered into loginserviceImpl10101 ; 10101 ;
2018-09-13 22:41:28.940  INFO 3220 --- [http-nio-8082-exec-7] c.c.l.services.Impl.AdminServiceImpl     : Ended into loginserviceImpl with details :: null
2018-09-13 22:41:28.942  INFO 3220 --- [http-nio-8082-exec-7] c.c.lunch.controllers.AdminController    : User Not Valid or invalid credentials
2018-09-13 22:43:13.517  INFO 3220 --- [http-nio-8082-exec-1] c.c.lunch.controllers.AdminController    : Entered into login role page:11111:11111::controller
2018-09-13 22:43:13.519  INFO 3220 --- [http-nio-8082-exec-1] c.c.l.services.Impl.AdminServiceImpl     : Entered into loginserviceImpl11111 ; 11111 ;
2018-09-13 22:43:13.523  INFO 3220 --- [http-nio-8082-exec-1] c.c.l.services.Impl.AdminServiceImpl     : Ended into loginserviceImpl with details :: null
2018-09-13 22:43:13.524  INFO 3220 --- [http-nio-8082-exec-1] c.c.lunch.controllers.AdminController    : User Not Valid or invalid credentials
2018-09-13 22:45:43.734  INFO 3220 --- [http-nio-8082-exec-5] c.c.lunch.controllers.AdminController    : Entered into login role page:ADMIN:controller
2018-09-13 22:45:53.108  INFO 3220 --- [http-nio-8082-exec-8] c.c.lunch.controllers.AdminController    : Entered into login role page:11111:11111:ADMIN:controller
2018-09-13 22:45:53.111  INFO 3220 --- [http-nio-8082-exec-8] c.c.l.services.Impl.AdminServiceImpl     : Entered into loginserviceImpl11111 ; 11111 ;ADMIN
2018-09-13 22:45:53.116  INFO 3220 --- [http-nio-8082-exec-8] c.c.l.services.Impl.AdminServiceImpl     : Ended into loginserviceImpl with details :: Accounts [employeeId=11111, name=Admin, email=admin@gmail.com, mobile=321654987, Role=ADMIN, password=11111, active=null]
